# JRE version: OpenJDK Runtime Environment Temurin-21.0.9+10 (21.0.9+10) (build 21.0.9+10-LTS)
# Java VM: OpenJDK 64-Bit Server VM Temurin-21.0.9+10 (21.0.9+10-LTS, mixed mode, sharing, tiered, compressed oops, compressed class ptrs, parallel gc, windows-amd64)
GC Precious Log:
 CardTable entry size: 512
 CPUs: 12 total, 12 available
 Memory: 16289M
 Large Page Support: Disabled
 NUMA Support: Disabled
 Compressed Oops: Enabled (32-bit)
 Alignments: Space 512K, Generation 512K, Heap 2M
 Heap Min Capacity: 100M
 Heap Initial Capacity: 100M
 Heap Max Capacity: 2G
 Pre-touch: Disabled
 Parallel Workers: 10
Heap:
 PSYoungGen      total 14336K, used 5332K [0x00000000d5580000, 0x00000000d6580000, 0x0000000100000000)
  eden space 12800K, 30% used [0x00000000d5580000,0x00000000d595d110,0x00000000d6200000)
  from space 1536K, 89% used [0x00000000d6400000,0x00000000d6558020,0x00000000d6580000)
  to   space 1536K, 0% used [0x00000000d6280000,0x00000000d6280000,0x00000000d6400000)
 ParOldGen       total 79360K, used 78930K [0x0000000080000000, 0x0000000084d80000, 0x00000000d5580000)
  object space 79360K, 99% used [0x0000000080000000,0x0000000084d148e0,0x0000000084d80000)
 Metaspace       used 65249K, committed 66688K, reserved 1114112K
  class space    used 6912K, committed 7552K, reserved 1048576K
GC Heap History (20 events):
Event: 14.028 GC heap before
{Heap before GC invocations=94 (full 3):
 PSYoungGen      total 17920K, used 17909K [0x00000000d5580000, 0x00000000d6a00000, 0x0000000100000000)
  eden space 16384K, 100% used [0x00000000d5580000,0x00000000d6580000,0x00000000d6580000)
  from space 1536K, 99% used [0x00000000d6780000,0x00000000d68fd5a8,0x00000000d6900000)
  to   space 2048K, 0% used [0x00000000d6580000,0x00000000d6580000,0x00000000d6780000)
 ParOldGen       total 75776K, used 60899K [0x0000000080000000, 0x0000000084a00000, 0x00000000d5580000)
  object space 75776K, 80% used [0x0000000080000000,0x0000000083b78df8,0x0000000084a00000)
 Metaspace       used 58888K, committed 60224K, reserved 1114112K
  class space    used 6318K, committed 6912K, reserved 1048576K
}
Event: 14.030 GC heap after
{Heap after GC invocations=94 (full 3):
 PSYoungGen      total 17408K, used 630K [0x00000000d5580000, 0x00000000d6880000, 0x0000000100000000)
  eden space 16384K, 0% used [0x00000000d5580000,0x00000000d5580000,0x00000000d6580000)
  from space 1024K, 61% used [0x00000000d6580000,0x00000000d661dab0,0x00000000d6680000)
  to   space 1536K, 0% used [0x00000000d6700000,0x00000000d6700000,0x00000000d6880000)
 ParOldGen       total 75776K, used 61561K [0x0000000080000000, 0x0000000084a00000, 0x00000000d5580000)
  object space 75776K, 81% used [0x0000000080000000,0x0000000083c1e4e8,0x0000000084a00000)
 Metaspace       used 58888K, committed 60224K, reserved 1114112K
  class space    used 6318K, committed 6912K, reserved 1048576K
}
Event: 14.121 GC heap before
{Heap before GC invocations=95 (full 3):
 PSYoungGen      total 17408K, used 17014K [0x00000000d5580000, 0x00000000d6880000, 0x0000000100000000)
  eden space 16384K, 100% used [0x00000000d5580000,0x00000000d6580000,0x00000000d6580000)
  from space 1024K, 61% used [0x00000000d6580000,0x00000000d661dab0,0x00000000d6680000)
  to   space 1536K, 0% used [0x00000000d6700000,0x00000000d6700000,0x00000000d6880000)
 ParOldGen       total 75776K, used 61561K [0x0000000080000000, 0x0000000084a00000, 0x00000000d5580000)
  object space 75776K, 81% used [0x0000000080000000,0x0000000083c1e4e8,0x0000000084a00000)
 Metaspace       used 60014K, committed 61376K, reserved 1114112K
  class space    used 6419K, committed 7040K, reserved 1048576K
}
Event: 14.125 GC heap after
{Heap after GC invocations=95 (full 3):
 PSYoungGen      total 17408K, used 645K [0x00000000d5580000, 0x00000000d6800000, 0x0000000100000000)
  eden space 16384K, 0% used [0x00000000d5580000,0x00000000d5580000,0x00000000d6580000)
  from space 1024K, 63% used [0x00000000d6700000,0x00000000d67a1590,0x00000000d6800000)
  to   space 1024K, 0% used [0x00000000d6580000,0x00000000d6580000,0x00000000d6680000)
 ParOldGen       total 75776K, used 61585K [0x0000000080000000, 0x0000000084a00000, 0x00000000d5580000)
  object space 75776K, 81% used [0x0000000080000000,0x0000000083c244e8,0x0000000084a00000)
 Metaspace       used 60014K, committed 61376K, reserved 1114112K
  class space    used 6419K, committed 7040K, reserved 1048576K
}
Event: 14.354 GC heap before
{Heap before GC invocations=96 (full 3):
 PSYoungGen      total 17408K, used 17029K [0x00000000d5580000, 0x00000000d6800000, 0x0000000100000000)
  eden space 16384K, 100% used [0x00000000d5580000,0x00000000d6580000,0x00000000d6580000)
  from space 1024K, 63% used [0x00000000d6700000,0x00000000d67a1590,0x00000000d6800000)
  to   space 1024K, 0% used [0x00000000d6580000,0x00000000d6580000,0x00000000d6680000)
 ParOldGen       total 75776K, used 61585K [0x0000000080000000, 0x0000000084a00000, 0x00000000d5580000)
  object space 75776K, 81% used [0x0000000080000000,0x0000000083c244e8,0x0000000084a00000)
 Metaspace       used 61631K, committed 63040K, reserved 1114112K
  class space    used 6596K, committed 7232K, reserved 1048576K
}
Event: 14.356 GC heap after
{Heap after GC invocations=96 (full 3):
 PSYoungGen      total 17408K, used 995K [0x00000000d5580000, 0x00000000d6980000, 0x0000000100000000)
  eden space 16384K, 0% used [0x00000000d5580000,0x00000000d5580000,0x00000000d6580000)
  from space 1024K, 97% used [0x00000000d6580000,0x00000000d6678da0,0x00000000d6680000)
  to   space 2048K, 0% used [0x00000000d6780000,0x00000000d6780000,0x00000000d6980000)
 ParOldGen       total 75776K, used 62279K [0x0000000080000000, 0x0000000084a00000, 0x00000000d5580000)
  object space 75776K, 82% used [0x0000000080000000,0x0000000083cd1ec8,0x0000000084a00000)
 Metaspace       used 61631K, committed 63040K, reserved 1114112K
  class space    used 6596K, committed 7232K, reserved 1048576K
}
Event: 19.188 GC heap before
{Heap before GC invocations=97 (full 3):
 PSYoungGen      total 17408K, used 17379K [0x00000000d5580000, 0x00000000d6980000, 0x0000000100000000)
  eden space 16384K, 100% used [0x00000000d5580000,0x00000000d6580000,0x00000000d6580000)
  from space 1024K, 97% used [0x00000000d6580000,0x00000000d6678da0,0x00000000d6680000)
  to   space 2048K, 0% used [0x00000000d6780000,0x00000000d6780000,0x00000000d6980000)
 ParOldGen       total 75776K, used 62279K [0x0000000080000000, 0x0000000084a00000, 0x00000000d5580000)
  object space 75776K, 82% used [0x0000000080000000,0x0000000083cd1ec8,0x0000000084a00000)
 Metaspace       used 62594K, committed 64000K, reserved 1114112K
  class space    used 6688K, committed 7296K, reserved 1048576K
}
Event: 19.191 GC heap after
{Heap after GC invocations=97 (full 3):
 PSYoungGen      total 14848K, used 2016K [0x00000000d5580000, 0x00000000d7080000, 0x0000000100000000)
  eden space 12800K, 0% used [0x00000000d5580000,0x00000000d5580000,0x00000000d6200000)
  from space 2048K, 98% used [0x00000000d6780000,0x00000000d6978030,0x00000000d6980000)
  to   space 5632K, 0% used [0x00000000d6200000,0x00000000d6200000,0x00000000d6780000)
 ParOldGen       total 75776K, used 65262K [0x0000000080000000, 0x0000000084a00000, 0x00000000d5580000)
  object space 75776K, 86% used [0x0000000080000000,0x0000000083fbb8a0,0x0000000084a00000)
 Metaspace       used 62594K, committed 64000K, reserved 1114112K
  class space    used 6688K, committed 7296K, reserved 1048576K
}
Event: 19.429 GC heap before
{Heap before GC invocations=98 (full 3):
 PSYoungGen      total 14848K, used 14816K [0x00000000d5580000, 0x00000000d7080000, 0x0000000100000000)
  eden space 12800K, 100% used [0x00000000d5580000,0x00000000d6200000,0x00000000d6200000)
  from space 2048K, 98% used [0x00000000d6780000,0x00000000d6978030,0x00000000d6980000)
  to   space 5632K, 0% used [0x00000000d6200000,0x00000000d6200000,0x00000000d6780000)
 ParOldGen       total 75776K, used 65262K [0x0000000080000000, 0x0000000084a00000, 0x00000000d5580000)
  object space 75776K, 86% used [0x0000000080000000,0x0000000083fbb8a0,0x0000000084a00000)
 Metaspace       used 63295K, committed 64704K, reserved 1114112K
  class space    used 6757K, committed 7360K, reserved 1048576K
}
Event: 19.432 GC heap after
{Heap after GC invocations=98 (full 3):
 PSYoungGen      total 16896K, used 3956K [0x00000000d5580000, 0x00000000d6b00000, 0x0000000100000000)
  eden space 12800K, 0% used [0x00000000d5580000,0x00000000d5580000,0x00000000d6200000)
  from space 4096K, 96% used [0x00000000d6200000,0x00000000d65dd3e0,0x00000000d6600000)
  to   space 4608K, 0% used [0x00000000d6680000,0x00000000d6680000,0x00000000d6b00000)
 ParOldGen       total 75776K, used 67130K [0x0000000080000000, 0x0000000084a00000, 0x00000000d5580000)
  object space 75776K, 88% used [0x0000000080000000,0x000000008418eb60,0x0000000084a00000)
 Metaspace       used 63295K, committed 64704K, reserved 1114112K
  class space    used 6757K, committed 7360K, reserved 1048576K
}
Event: 19.506 GC heap before
{Heap before GC invocations=99 (full 3):
 PSYoungGen      total 16896K, used 16756K [0x00000000d5580000, 0x00000000d6b00000, 0x0000000100000000)
  eden space 12800K, 100% used [0x00000000d5580000,0x00000000d6200000,0x00000000d6200000)
  from space 4096K, 96% used [0x00000000d6200000,0x00000000d65dd3e0,0x00000000d6600000)
  to   space 4608K, 0% used [0x00000000d6680000,0x00000000d6680000,0x00000000d6b00000)
 ParOldGen       total 75776K, used 67130K [0x0000000080000000, 0x0000000084a00000, 0x00000000d5580000)
  object space 75776K, 88% used [0x0000000080000000,0x000000008418eb60,0x0000000084a00000)
 Metaspace       used 63343K, committed 64704K, reserved 1114112K
  class space    used 6762K, committed 7360K, reserved 1048576K
}
Event: 19.510 GC heap after
{Heap after GC invocations=99 (full 3):
 PSYoungGen      total 16896K, used 3667K [0x00000000d5580000, 0x00000000d6a80000, 0x0000000100000000)
  eden space 12800K, 0% used [0x00000000d5580000,0x00000000d5580000,0x00000000d6200000)
  from space 4096K, 89% used [0x00000000d6680000,0x00000000d6a14eb8,0x00000000d6a80000)
  to   space 4096K, 0% used [0x00000000d6200000,0x00000000d6200000,0x00000000d6600000)
 ParOldGen       total 75776K, used 70928K [0x0000000080000000, 0x0000000084a00000, 0x00000000d5580000)
  object space 75776K, 93% used [0x0000000080000000,0x00000000845443c0,0x0000000084a00000)
 Metaspace       used 63343K, committed 64704K, reserved 1114112K
  class space    used 6762K, committed 7360K, reserved 1048576K
}
Event: 19.826 GC heap before
{Heap before GC invocations=100 (full 3):
 PSYoungGen      total 16896K, used 16467K [0x00000000d5580000, 0x00000000d6a80000, 0x0000000100000000)
  eden space 12800K, 100% used [0x00000000d5580000,0x00000000d6200000,0x00000000d6200000)
  from space 4096K, 89% used [0x00000000d6680000,0x00000000d6a14eb8,0x00000000d6a80000)
  to   space 4096K, 0% used [0x00000000d6200000,0x00000000d6200000,0x00000000d6600000)
 ParOldGen       total 75776K, used 70928K [0x0000000080000000, 0x0000000084a00000, 0x00000000d5580000)
  object space 75776K, 93% used [0x0000000080000000,0x00000000845443c0,0x0000000084a00000)
 Metaspace       used 63722K, committed 65152K, reserved 1114112K
  class space    used 6804K, committed 7424K, reserved 1048576K
}
Event: 19.830 GC heap after
{Heap after GC invocations=100 (full 3):
 PSYoungGen      total 14848K, used 1984K [0x00000000d5580000, 0x00000000d6800000, 0x0000000100000000)
  eden space 12800K, 0% used [0x00000000d5580000,0x00000000d5580000,0x00000000d6200000)
  from space 2048K, 96% used [0x00000000d6200000,0x00000000d63f0010,0x00000000d6400000)
  to   space 3072K, 0% used [0x00000000d6500000,0x00000000d6500000,0x00000000d6800000)
 ParOldGen       total 75776K, used 74428K [0x0000000080000000, 0x0000000084a00000, 0x00000000d5580000)
  object space 75776K, 98% used [0x0000000080000000,0x00000000848af3c0,0x0000000084a00000)
 Metaspace       used 63722K, committed 65152K, reserved 1114112K
  class space    used 6804K, committed 7424K, reserved 1048576K
}
Event: 20.045 GC heap before
{Heap before GC invocations=101 (full 3):
 PSYoungGen      total 14848K, used 14784K [0x00000000d5580000, 0x00000000d6800000, 0x0000000100000000)
  eden space 12800K, 100% used [0x00000000d5580000,0x00000000d6200000,0x00000000d6200000)
  from space 2048K, 96% used [0x00000000d6200000,0x00000000d63f0010,0x00000000d6400000)
  to   space 3072K, 0% used [0x00000000d6500000,0x00000000d6500000,0x00000000d6800000)
 ParOldGen       total 75776K, used 74428K [0x0000000080000000, 0x0000000084a00000, 0x00000000d5580000)
  object space 75776K, 98% used [0x0000000080000000,0x00000000848af3c0,0x0000000084a00000)
 Metaspace       used 63876K, committed 65280K, reserved 1114112K
  class space    used 6814K, committed 7424K, reserved 1048576K
}
Event: 20.048 GC heap after
{Heap after GC invocations=101 (full 3):
 PSYoungGen      total 14336K, used 1328K [0x00000000d5580000, 0x00000000d6680000, 0x0000000100000000)
  eden space 12800K, 0% used [0x00000000d5580000,0x00000000d5580000,0x00000000d6200000)
  from space 1536K, 86% used [0x00000000d6500000,0x00000000d664c050,0x00000000d6680000)
  to   space 2048K, 0% used [0x00000000d6280000,0x00000000d6280000,0x00000000d6480000)
 ParOldGen       total 76800K, used 76337K [0x0000000080000000, 0x0000000084b00000, 0x00000000d5580000)
  object space 76800K, 99% used [0x0000000080000000,0x0000000084a8c4b0,0x0000000084b00000)
 Metaspace       used 63876K, committed 65280K, reserved 1114112K
  class space    used 6814K, committed 7424K, reserved 1048576K
}
Event: 20.323 GC heap before
{Heap before GC invocations=102 (full 3):
 PSYoungGen      total 14336K, used 14128K [0x00000000d5580000, 0x00000000d6680000, 0x0000000100000000)
  eden space 12800K, 100% used [0x00000000d5580000,0x00000000d6200000,0x00000000d6200000)
  from space 1536K, 86% used [0x00000000d6500000,0x00000000d664c050,0x00000000d6680000)
  to   space 2048K, 0% used [0x00000000d6280000,0x00000000d6280000,0x00000000d6480000)
 ParOldGen       total 76800K, used 76337K [0x0000000080000000, 0x0000000084b00000, 0x00000000d5580000)
  object space 76800K, 99% used [0x0000000080000000,0x0000000084a8c4b0,0x0000000084b00000)
 Metaspace       used 64258K, committed 65600K, reserved 1114112K
  class space    used 6837K, committed 7424K, reserved 1048576K
}
Event: 20.326 GC heap after
{Heap after GC invocations=102 (full 3):
 PSYoungGen      total 14336K, used 1504K [0x00000000d5580000, 0x00000000d6600000, 0x0000000100000000)
  eden space 12800K, 0% used [0x00000000d5580000,0x00000000d5580000,0x00000000d6200000)
  from space 1536K, 97% used [0x00000000d6280000,0x00000000d63f8020,0x00000000d6400000)
  to   space 2048K, 0% used [0x00000000d6400000,0x00000000d6400000,0x00000000d6600000)
 ParOldGen       total 77824K, used 77528K [0x0000000080000000, 0x0000000084c00000, 0x00000000d5580000)
  object space 77824K, 99% used [0x0000000080000000,0x0000000084bb6128,0x0000000084c00000)
 Metaspace       used 64258K, committed 65600K, reserved 1114112K
  class space    used 6837K, committed 7424K, reserved 1048576K
}
Event: 20.694 GC heap before
{Heap before GC invocations=103 (full 3):
 PSYoungGen      total 14336K, used 14304K [0x00000000d5580000, 0x00000000d6600000, 0x0000000100000000)
  eden space 12800K, 100% used [0x00000000d5580000,0x00000000d6200000,0x00000000d6200000)
  from space 1536K, 97% used [0x00000000d6280000,0x00000000d63f8020,0x00000000d6400000)
  to   space 2048K, 0% used [0x00000000d6400000,0x00000000d6400000,0x00000000d6600000)
 ParOldGen       total 77824K, used 77528K [0x0000000080000000, 0x0000000084c00000, 0x00000000d5580000)
  object space 77824K, 99% used [0x0000000080000000,0x0000000084bb6128,0x0000000084c00000)
 Metaspace       used 64931K, committed 66368K, reserved 1114112K
  class space    used 6881K, committed 7488K, reserved 1048576K
}
Event: 20.698 GC heap after
{Heap after GC invocations=103 (full 3):
 PSYoungGen      total 14336K, used 1376K [0x00000000d5580000, 0x00000000d6580000, 0x0000000100000000)
  eden space 12800K, 0% used [0x00000000d5580000,0x00000000d5580000,0x00000000d6200000)
  from space 1536K, 89% used [0x00000000d6400000,0x00000000d6558020,0x00000000d6580000)
  to   space 1536K, 0% used [0x00000000d6280000,0x00000000d6280000,0x00000000d6400000)
 ParOldGen       total 79360K, used 78930K [0x0000000080000000, 0x0000000084d80000, 0x00000000d5580000)
  object space 79360K, 99% used [0x0000000080000000,0x0000000084d148e0,0x0000000084d80000)
 Metaspace       used 64931K, committed 66368K, reserved 1114112K
  class space    used 6881K, committed 7488K, reserved 1048576K
}

