# JRE version: OpenJDK Runtime Environment Temurin-21.0.9+10 (21.0.9+10) (build 21.0.9+10-LTS)
# Java VM: OpenJDK 64-Bit Server VM Temurin-21.0.9+10 (21.0.9+10-LTS, mixed mode, sharing, tiered, compressed oops, compressed class ptrs, parallel gc, windows-amd64)
GC Precious Log:
 CardTable entry size: 512
 CPUs: 12 total, 12 available
 Memory: 16289M
 Large Page Support: Disabled
 NUMA Support: Disabled
 Compressed Oops: Enabled (32-bit)
 Alignments: Space 512K, Generation 512K, Heap 2M
 Heap Min Capacity: 100M
 Heap Initial Capacity: 100M
 Heap Max Capacity: 2G
 Pre-touch: Disabled
 Parallel Workers: 10
Heap:
 PSYoungGen      total 16384K, used 5857K [0x00000000d5580000, 0x00000000d6c80000, 0x0000000100000000)
  eden space 15872K, 35% used [0x00000000d5580000,0x00000000d5af8568,0x00000000d6500000)
  from space 512K, 50% used [0x00000000d6c00000,0x00000000d6c40000,0x00000000d6c80000)
  to   space 1024K, 0% used [0x00000000d6a80000,0x00000000d6a80000,0x00000000d6b80000)
 ParOldGen       total 146944K, used 146412K [0x0000000080000000, 0x0000000088f80000, 0x00000000d5580000)
  object space 146944K, 99% used [0x0000000080000000,0x0000000088efb230,0x0000000088f80000)
 Metaspace       used 71966K, committed 73728K, reserved 1179648K
  class space    used 7637K, committed 8384K, reserved 1048576K
GC Heap History (20 events):
Event: 19.767 GC heap before
{Heap before GC invocations=112 (full 3):
 PSYoungGen      total 17920K, used 17648K [0x00000000d5580000, 0x00000000d6a00000, 0x0000000100000000)
  eden space 15872K, 100% used [0x00000000d5580000,0x00000000d6500000,0x00000000d6500000)
  from space 2048K, 86% used [0x00000000d6800000,0x00000000d69bc030,0x00000000d6a00000)
  to   space 2048K, 0% used [0x00000000d6600000,0x00000000d6600000,0x00000000d6800000)
 ParOldGen       total 87552K, used 87440K [0x0000000080000000, 0x0000000085580000, 0x00000000d5580000)
  object space 87552K, 99% used [0x0000000080000000,0x0000000085564048,0x0000000085580000)
 Metaspace       used 65324K, committed 66816K, reserved 1114112K
  class space    used 6825K, committed 7488K, reserved 1048576K
}
Event: 19.770 GC heap after
{Heap after GC invocations=112 (full 3):
 PSYoungGen      total 17408K, used 1269K [0x00000000d5580000, 0x00000000d6880000, 0x0000000100000000)
  eden space 15872K, 0% used [0x00000000d5580000,0x00000000d5580000,0x00000000d6500000)
  from space 1536K, 82% used [0x00000000d6600000,0x00000000d673d5b8,0x00000000d6780000)
  to   space 1024K, 0% used [0x00000000d6780000,0x00000000d6780000,0x00000000d6880000)
 ParOldGen       total 89088K, used 89072K [0x0000000080000000, 0x0000000085700000, 0x00000000d5580000)
  object space 89088K, 99% used [0x0000000080000000,0x00000000856fc0e8,0x0000000085700000)
 Metaspace       used 65324K, committed 66816K, reserved 1114112K
  class space    used 6825K, committed 7488K, reserved 1048576K
}
Event: 19.888 GC heap before
{Heap before GC invocations=113 (full 3):
 PSYoungGen      total 17408K, used 17141K [0x00000000d5580000, 0x00000000d6880000, 0x0000000100000000)
  eden space 15872K, 100% used [0x00000000d5580000,0x00000000d6500000,0x00000000d6500000)
  from space 1536K, 82% used [0x00000000d6600000,0x00000000d673d5b8,0x00000000d6780000)
  to   space 1024K, 0% used [0x00000000d6780000,0x00000000d6780000,0x00000000d6880000)
 ParOldGen       total 89088K, used 89072K [0x0000000080000000, 0x0000000085700000, 0x00000000d5580000)
  object space 89088K, 99% used [0x0000000080000000,0x00000000856fc0e8,0x0000000085700000)
 Metaspace       used 65369K, committed 66880K, reserved 1114112K
  class space    used 6829K, committed 7488K, reserved 1048576K
}
Event: 19.890 GC heap after
{Heap after GC invocations=113 (full 3):
 PSYoungGen      total 16896K, used 1007K [0x00000000d5580000, 0x00000000d6a00000, 0x0000000100000000)
  eden space 15872K, 0% used [0x00000000d5580000,0x00000000d5580000,0x00000000d6500000)
  from space 1024K, 98% used [0x00000000d6780000,0x00000000d687bc88,0x00000000d6880000)
  to   space 2560K, 0% used [0x00000000d6500000,0x00000000d6500000,0x00000000d6780000)
 ParOldGen       total 90624K, used 90267K [0x0000000080000000, 0x0000000085880000, 0x00000000d5580000)
  object space 90624K, 99% used [0x0000000080000000,0x0000000085826e88,0x0000000085880000)
 Metaspace       used 65369K, committed 66880K, reserved 1114112K
  class space    used 6829K, committed 7488K, reserved 1048576K
}
Event: 27.669 GC heap before
{Heap before GC invocations=114 (full 3):
 PSYoungGen      total 16896K, used 16875K [0x00000000d5580000, 0x00000000d6a00000, 0x0000000100000000)
  eden space 15872K, 99% used [0x00000000d5580000,0x00000000d64ff130,0x00000000d6500000)
  from space 1024K, 98% used [0x00000000d6780000,0x00000000d687bc88,0x00000000d6880000)
  to   space 2560K, 0% used [0x00000000d6500000,0x00000000d6500000,0x00000000d6780000)
 ParOldGen       total 90624K, used 90267K [0x0000000080000000, 0x0000000085880000, 0x00000000d5580000)
  object space 90624K, 99% used [0x0000000080000000,0x0000000085826e88,0x0000000085880000)
 Metaspace       used 66118K, committed 67648K, reserved 1114112K
  class space    used 6943K, committed 7616K, reserved 1048576K
}
Event: 27.670 GC heap after
{Heap after GC invocations=114 (full 3):
 PSYoungGen      total 17920K, used 1559K [0x00000000d5580000, 0x00000000d6900000, 0x0000000100000000)
  eden space 15872K, 0% used [0x00000000d5580000,0x00000000d5580000,0x00000000d6500000)
  from space 2048K, 76% used [0x00000000d6500000,0x00000000d6685f08,0x00000000d6700000)
  to   space 2048K, 0% used [0x00000000d6700000,0x00000000d6700000,0x00000000d6900000)
 ParOldGen       total 91136K, used 90779K [0x0000000080000000, 0x0000000085900000, 0x00000000d5580000)
  object space 91136K, 99% used [0x0000000080000000,0x00000000858a6e88,0x0000000085900000)
 Metaspace       used 66118K, committed 67648K, reserved 1114112K
  class space    used 6943K, committed 7616K, reserved 1048576K
}
Event: 28.021 GC heap before
{Heap before GC invocations=115 (full 3):
 PSYoungGen      total 17920K, used 17431K [0x00000000d5580000, 0x00000000d6900000, 0x0000000100000000)
  eden space 15872K, 100% used [0x00000000d5580000,0x00000000d6500000,0x00000000d6500000)
  from space 2048K, 76% used [0x00000000d6500000,0x00000000d6685f08,0x00000000d6700000)
  to   space 2048K, 0% used [0x00000000d6700000,0x00000000d6700000,0x00000000d6900000)
 ParOldGen       total 91136K, used 90779K [0x0000000080000000, 0x0000000085900000, 0x00000000d5580000)
  object space 91136K, 99% used [0x0000000080000000,0x00000000858a6e88,0x0000000085900000)
 Metaspace       used 67261K, committed 68800K, reserved 1114112K
  class space    used 7047K, committed 7680K, reserved 1048576K
}
Event: 28.023 GC heap after
{Heap after GC invocations=115 (full 3):
 PSYoungGen      total 16384K, used 433K [0x00000000d5580000, 0x00000000d6780000, 0x0000000100000000)
  eden space 15872K, 0% used [0x00000000d5580000,0x00000000d5580000,0x00000000d6500000)
  from space 512K, 84% used [0x00000000d6700000,0x00000000d676c5c8,0x00000000d6780000)
  to   space 1024K, 0% used [0x00000000d6580000,0x00000000d6580000,0x00000000d6680000)
 ParOldGen       total 91136K, used 91075K [0x0000000080000000, 0x0000000085900000, 0x00000000d5580000)
  object space 91136K, 99% used [0x0000000080000000,0x00000000858f0eb8,0x0000000085900000)
 Metaspace       used 67261K, committed 68800K, reserved 1114112K
  class space    used 7047K, committed 7680K, reserved 1048576K
}
Event: 28.306 GC heap before
{Heap before GC invocations=116 (full 3):
 PSYoungGen      total 16384K, used 16305K [0x00000000d5580000, 0x00000000d6780000, 0x0000000100000000)
  eden space 15872K, 100% used [0x00000000d5580000,0x00000000d6500000,0x00000000d6500000)
  from space 512K, 84% used [0x00000000d6700000,0x00000000d676c5c8,0x00000000d6780000)
  to   space 1024K, 0% used [0x00000000d6580000,0x00000000d6580000,0x00000000d6680000)
 ParOldGen       total 91136K, used 91075K [0x0000000080000000, 0x0000000085900000, 0x00000000d5580000)
  object space 91136K, 99% used [0x0000000080000000,0x00000000858f0eb8,0x0000000085900000)
 Metaspace       used 68932K, committed 70528K, reserved 1114112K
  class space    used 7321K, committed 8000K, reserved 1048576K
}
Event: 28.307 GC heap after
{Heap after GC invocations=116 (full 3):
 PSYoungGen      total 16896K, used 384K [0x00000000d5580000, 0x00000000d6780000, 0x0000000100000000)
  eden space 15872K, 0% used [0x00000000d5580000,0x00000000d5580000,0x00000000d6500000)
  from space 1024K, 37% used [0x00000000d6580000,0x00000000d65e0020,0x00000000d6680000)
  to   space 512K, 0% used [0x00000000d6700000,0x00000000d6700000,0x00000000d6780000)
 ParOldGen       total 91648K, used 91354K [0x0000000080000000, 0x0000000085980000, 0x00000000d5580000)
  object space 91648K, 99% used [0x0000000080000000,0x0000000085936a98,0x0000000085980000)
 Metaspace       used 68932K, committed 70528K, reserved 1114112K
  class space    used 7321K, committed 8000K, reserved 1048576K
}
Event: 31.759 GC heap before
{Heap before GC invocations=117 (full 3):
 PSYoungGen      total 16896K, used 16256K [0x00000000d5580000, 0x00000000d6780000, 0x0000000100000000)
  eden space 15872K, 100% used [0x00000000d5580000,0x00000000d6500000,0x00000000d6500000)
  from space 1024K, 37% used [0x00000000d6580000,0x00000000d65e0020,0x00000000d6680000)
  to   space 512K, 0% used [0x00000000d6700000,0x00000000d6700000,0x00000000d6780000)
 ParOldGen       total 91648K, used 91354K [0x0000000080000000, 0x0000000085980000, 0x00000000d5580000)
  object space 91648K, 99% used [0x0000000080000000,0x0000000085936a98,0x0000000085980000)
 Metaspace       used 69463K, committed 71040K, reserved 1114112K
  class space    used 7380K, committed 8064K, reserved 1048576K
}
Event: 31.761 GC heap after
{Heap after GC invocations=117 (full 3):
 PSYoungGen      total 16384K, used 480K [0x00000000d5580000, 0x00000000d6800000, 0x0000000100000000)
  eden space 15872K, 0% used [0x00000000d5580000,0x00000000d5580000,0x00000000d6500000)
  from space 512K, 93% used [0x00000000d6700000,0x00000000d6778010,0x00000000d6780000)
  to   space 1536K, 0% used [0x00000000d6500000,0x00000000d6500000,0x00000000d6680000)
 ParOldGen       total 92160K, used 92062K [0x0000000080000000, 0x0000000085a00000, 0x00000000d5580000)
  object space 92160K, 99% used [0x0000000080000000,0x00000000859e7b28,0x0000000085a00000)
 Metaspace       used 69463K, committed 71040K, reserved 1114112K
  class space    used 7380K, committed 8064K, reserved 1048576K
}
Event: 149.054 GC heap before
{Heap before GC invocations=118 (full 3):
 PSYoungGen      total 16384K, used 16352K [0x00000000d5580000, 0x00000000d6800000, 0x0000000100000000)
  eden space 15872K, 100% used [0x00000000d5580000,0x00000000d6500000,0x00000000d6500000)
  from space 512K, 93% used [0x00000000d6700000,0x00000000d6778010,0x00000000d6780000)
  to   space 1536K, 0% used [0x00000000d6500000,0x00000000d6500000,0x00000000d6680000)
 ParOldGen       total 92160K, used 92062K [0x0000000080000000, 0x0000000085a00000, 0x00000000d5580000)
  object space 92160K, 99% used [0x0000000080000000,0x00000000859e7b28,0x0000000085a00000)
 Metaspace       used 70320K, committed 72000K, reserved 1114112K
  class space    used 7458K, committed 8192K, reserved 1048576K
}
Event: 149.059 GC heap after
{Heap after GC invocations=118 (full 3):
 PSYoungGen      total 17408K, used 1521K [0x00000000d5580000, 0x00000000d7500000, 0x0000000100000000)
  eden space 15872K, 0% used [0x00000000d5580000,0x00000000d5580000,0x00000000d6500000)
  from space 1536K, 99% used [0x00000000d6500000,0x00000000d667c6d8,0x00000000d6680000)
  to   space 8192K, 0% used [0x00000000d6d00000,0x00000000d6d00000,0x00000000d7500000)
 ParOldGen       total 97792K, used 97586K [0x0000000080000000, 0x0000000085f80000, 0x00000000d5580000)
  object space 97792K, 99% used [0x0000000080000000,0x0000000085f4ca60,0x0000000085f80000)
 Metaspace       used 70320K, committed 72000K, reserved 1114112K
  class space    used 7458K, committed 8192K, reserved 1048576K
}
Event: 149.412 GC heap before
{Heap before GC invocations=119 (full 3):
 PSYoungGen      total 17408K, used 17393K [0x00000000d5580000, 0x00000000d7500000, 0x0000000100000000)
  eden space 15872K, 100% used [0x00000000d5580000,0x00000000d6500000,0x00000000d6500000)
  from space 1536K, 99% used [0x00000000d6500000,0x00000000d667c6d8,0x00000000d6680000)
  to   space 8192K, 0% used [0x00000000d6d00000,0x00000000d6d00000,0x00000000d7500000)
 ParOldGen       total 97792K, used 97586K [0x0000000080000000, 0x0000000085f80000, 0x00000000d5580000)
  object space 97792K, 99% used [0x0000000080000000,0x0000000085f4ca60,0x0000000085f80000)
 Metaspace       used 71103K, committed 72768K, reserved 1114112K
  class space    used 7560K, committed 8256K, reserved 1048576K
}
Event: 149.415 GC heap after
{Heap after GC invocations=119 (full 3):
 PSYoungGen      total 17920K, used 1696K [0x00000000d5580000, 0x00000000d6f00000, 0x0000000100000000)
  eden space 15872K, 0% used [0x00000000d5580000,0x00000000d5580000,0x00000000d6500000)
  from space 2048K, 82% used [0x00000000d6d00000,0x00000000d6ea8040,0x00000000d6f00000)
  to   space 4096K, 0% used [0x00000000d6700000,0x00000000d6700000,0x00000000d6b00000)
 ParOldGen       total 98816K, used 98744K [0x0000000080000000, 0x0000000086080000, 0x00000000d5580000)
  object space 98816K, 99% used [0x0000000080000000,0x000000008606e048,0x0000000086080000)
 Metaspace       used 71103K, committed 72768K, reserved 1114112K
  class space    used 7560K, committed 8256K, reserved 1048576K
}
Event: 149.707 GC heap before
{Heap before GC invocations=120 (full 3):
 PSYoungGen      total 17920K, used 12412K [0x00000000d5580000, 0x00000000d6f00000, 0x0000000100000000)
  eden space 15872K, 67% used [0x00000000d5580000,0x00000000d5ff7378,0x00000000d6500000)
  from space 2048K, 82% used [0x00000000d6d00000,0x00000000d6ea8040,0x00000000d6f00000)
  to   space 4096K, 0% used [0x00000000d6700000,0x00000000d6700000,0x00000000d6b00000)
 ParOldGen       total 98816K, used 98744K [0x0000000080000000, 0x0000000086080000, 0x00000000d5580000)
  object space 98816K, 99% used [0x0000000080000000,0x000000008606e048,0x0000000086080000)
 Metaspace       used 71775K, committed 73472K, reserved 1114112K
  class space    used 7629K, committed 8384K, reserved 1048576K
}
Event: 149.711 GC heap after
{Heap after GC invocations=120 (full 3):
 PSYoungGen      total 19968K, used 826K [0x00000000d5580000, 0x00000000d6d80000, 0x0000000100000000)
  eden space 15872K, 0% used [0x00000000d5580000,0x00000000d5580000,0x00000000d6500000)
  from space 4096K, 20% used [0x00000000d6700000,0x00000000d67ce8e8,0x00000000d6b00000)
  to   space 1536K, 0% used [0x00000000d6c00000,0x00000000d6c00000,0x00000000d6d80000)
 ParOldGen       total 99840K, used 99728K [0x0000000080000000, 0x0000000086180000, 0x00000000d5580000)
  object space 99840K, 99% used [0x0000000080000000,0x0000000086164058,0x0000000086180000)
 Metaspace       used 71775K, committed 73472K, reserved 1114112K
  class space    used 7629K, committed 8384K, reserved 1048576K
}
Event: 149.835 GC heap before
{Heap before GC invocations=121 (full 3):
 PSYoungGen      total 19968K, used 16698K [0x00000000d5580000, 0x00000000d6d80000, 0x0000000100000000)
  eden space 15872K, 100% used [0x00000000d5580000,0x00000000d6500000,0x00000000d6500000)
  from space 4096K, 20% used [0x00000000d6700000,0x00000000d67ce8e8,0x00000000d6b00000)
  to   space 1536K, 0% used [0x00000000d6c00000,0x00000000d6c00000,0x00000000d6d80000)
 ParOldGen       total 146944K, used 145808K [0x0000000080000000, 0x0000000088f80000, 0x00000000d5580000)
  object space 146944K, 99% used [0x0000000080000000,0x0000000088e64098,0x0000000088f80000)
 Metaspace       used 71821K, committed 73536K, reserved 1114112K
  class space    used 7632K, committed 8384K, reserved 1048576K
}
Event: 149.838 GC heap after
{Heap after GC invocations=121 (full 3):
 PSYoungGen      total 16384K, used 256K [0x00000000d5580000, 0x00000000d6c80000, 0x0000000100000000)
  eden space 15872K, 0% used [0x00000000d5580000,0x00000000d5580000,0x00000000d6500000)
  from space 512K, 50% used [0x00000000d6c00000,0x00000000d6c40000,0x00000000d6c80000)
  to   space 1024K, 0% used [0x00000000d6a80000,0x00000000d6a80000,0x00000000d6b80000)
 ParOldGen       total 146944K, used 146412K [0x0000000080000000, 0x0000000088f80000, 0x00000000d5580000)
  object space 146944K, 99% used [0x0000000080000000,0x0000000088efb230,0x0000000088f80000)
 Metaspace       used 71821K, committed 73536K, reserved 1114112K
  class space    used 7632K, committed 8384K, reserved 1048576K
}

