# JRE version: OpenJDK Runtime Environment Temurin-21.0.9+10 (21.0.9+10) (build 21.0.9+10-LTS)
# Java VM: OpenJDK 64-Bit Server VM Temurin-21.0.9+10 (21.0.9+10-LTS, mixed mode, sharing, tiered, compressed oops, compressed class ptrs, parallel gc, windows-amd64)
GC Precious Log:
 CardTable entry size: 512
 CPUs: 12 total, 12 available
 Memory: 16289M
 Large Page Support: Disabled
 NUMA Support: Disabled
 Compressed Oops: Enabled (32-bit)
 Alignments: Space 512K, Generation 512K, Heap 2M
 Heap Min Capacity: 100M
 Heap Initial Capacity: 100M
 Heap Max Capacity: 2G
 Pre-touch: Disabled
 Parallel Workers: 10
Heap:
 PSYoungGen      total 7680K, used 5944K [0x00000000d5580000, 0x00000000d5e00000, 0x0000000100000000)
  eden space 6144K, 85% used [0x00000000d5580000,0x00000000d5aa6068,0x00000000d5b80000)
  from space 1536K, 43% used [0x00000000d5b80000,0x00000000d5c28000,0x00000000d5d00000)
  to   space 1024K, 0% used [0x00000000d5d00000,0x00000000d5d00000,0x00000000d5e00000)
 ParOldGen       total 129024K, used 128877K [0x0000000080000000, 0x0000000087e00000, 0x00000000d5580000)
  object space 129024K, 99% used [0x0000000080000000,0x0000000087ddb400,0x0000000087e00000)
 Metaspace       used 67172K, committed 68672K, reserved 1114112K
  class space    used 6961K, committed 7616K, reserved 1048576K
GC Heap History (20 events):
Event: 35.527 GC heap before
{Heap before GC invocations=193 (full 3):
 PSYoungGen      total 7168K, used 7152K [0x00000000d5580000, 0x00000000d6980000, 0x0000000100000000)
  eden space 6144K, 100% used [0x00000000d5580000,0x00000000d5b80000,0x00000000d5b80000)
  from space 1024K, 98% used [0x00000000d5b80000,0x00000000d5c7c258,0x00000000d5c80000)
  to   space 7168K, 0% used [0x00000000d6280000,0x00000000d6280000,0x00000000d6980000)
 ParOldGen       total 118272K, used 117978K [0x0000000080000000, 0x0000000087380000, 0x00000000d5580000)
  object space 118272K, 99% used [0x0000000080000000,0x0000000087336ad0,0x0000000087380000)
 Metaspace       used 66420K, committed 67968K, reserved 1114112K
  class space    used 6892K, committed 7552K, reserved 1048576K
}
Event: 35.529 GC heap after
{Heap after GC invocations=193 (full 3):
 PSYoungGen      total 7168K, used 768K [0x00000000d5580000, 0x00000000d6380000, 0x0000000100000000)
  eden space 6144K, 0% used [0x00000000d5580000,0x00000000d5580000,0x00000000d5b80000)
  from space 1024K, 75% used [0x00000000d6280000,0x00000000d6340010,0x00000000d6380000)
  to   space 3072K, 0% used [0x00000000d5d80000,0x00000000d5d80000,0x00000000d6080000)
 ParOldGen       total 119296K, used 118922K [0x0000000080000000, 0x0000000087480000, 0x00000000d5580000)
  object space 119296K, 99% used [0x0000000080000000,0x0000000087422ae0,0x0000000087480000)
 Metaspace       used 66420K, committed 67968K, reserved 1114112K
  class space    used 6892K, committed 7552K, reserved 1048576K
}
Event: 35.726 GC heap before
{Heap before GC invocations=194 (full 3):
 PSYoungGen      total 7168K, used 6912K [0x00000000d5580000, 0x00000000d6380000, 0x0000000100000000)
  eden space 6144K, 100% used [0x00000000d5580000,0x00000000d5b80000,0x00000000d5b80000)
  from space 1024K, 75% used [0x00000000d6280000,0x00000000d6340010,0x00000000d6380000)
  to   space 3072K, 0% used [0x00000000d5d80000,0x00000000d5d80000,0x00000000d6080000)
 ParOldGen       total 119296K, used 118922K [0x0000000080000000, 0x0000000087480000, 0x00000000d5580000)
  object space 119296K, 99% used [0x0000000080000000,0x0000000087422ae0,0x0000000087480000)
 Metaspace       used 66664K, committed 68096K, reserved 1114112K
  class space    used 6918K, committed 7552K, reserved 1048576K
}
Event: 35.728 GC heap after
{Heap after GC invocations=194 (full 3):
 PSYoungGen      total 8704K, used 2287K [0x00000000d5580000, 0x00000000d6300000, 0x0000000100000000)
  eden space 6144K, 0% used [0x00000000d5580000,0x00000000d5580000,0x00000000d5b80000)
  from space 2560K, 89% used [0x00000000d5d80000,0x00000000d5fbbdf8,0x00000000d6000000)
  to   space 3072K, 0% used [0x00000000d6000000,0x00000000d6000000,0x00000000d6300000)
 ParOldGen       total 119808K, used 119586K [0x0000000080000000, 0x0000000087500000, 0x00000000d5580000)
  object space 119808K, 99% used [0x0000000080000000,0x00000000874c8b00,0x0000000087500000)
 Metaspace       used 66664K, committed 68096K, reserved 1114112K
  class space    used 6918K, committed 7552K, reserved 1048576K
}
Event: 35.763 GC heap before
{Heap before GC invocations=195 (full 3):
 PSYoungGen      total 8704K, used 8431K [0x00000000d5580000, 0x00000000d6300000, 0x0000000100000000)
  eden space 6144K, 100% used [0x00000000d5580000,0x00000000d5b80000,0x00000000d5b80000)
  from space 2560K, 89% used [0x00000000d5d80000,0x00000000d5fbbdf8,0x00000000d6000000)
  to   space 3072K, 0% used [0x00000000d6000000,0x00000000d6000000,0x00000000d6300000)
 ParOldGen       total 119808K, used 119586K [0x0000000080000000, 0x0000000087500000, 0x00000000d5580000)
  object space 119808K, 99% used [0x0000000080000000,0x00000000874c8b00,0x0000000087500000)
 Metaspace       used 66665K, committed 68096K, reserved 1114112K
  class space    used 6918K, committed 7552K, reserved 1048576K
}
Event: 35.767 GC heap after
{Heap after GC invocations=195 (full 3):
 PSYoungGen      total 8704K, used 2128K [0x00000000d5580000, 0x00000000d6280000, 0x0000000100000000)
  eden space 6144K, 0% used [0x00000000d5580000,0x00000000d5580000,0x00000000d5b80000)
  from space 2560K, 83% used [0x00000000d6000000,0x00000000d6214130,0x00000000d6280000)
  to   space 2560K, 0% used [0x00000000d5d80000,0x00000000d5d80000,0x00000000d6000000)
 ParOldGen       total 121344K, used 121023K [0x0000000080000000, 0x0000000087680000, 0x00000000d5580000)
  object space 121344K, 99% used [0x0000000080000000,0x000000008762ffc8,0x0000000087680000)
 Metaspace       used 66665K, committed 68096K, reserved 1114112K
  class space    used 6918K, committed 7552K, reserved 1048576K
}
Event: 35.857 GC heap before
{Heap before GC invocations=196 (full 3):
 PSYoungGen      total 8704K, used 8272K [0x00000000d5580000, 0x00000000d6280000, 0x0000000100000000)
  eden space 6144K, 100% used [0x00000000d5580000,0x00000000d5b80000,0x00000000d5b80000)
  from space 2560K, 83% used [0x00000000d6000000,0x00000000d6214130,0x00000000d6280000)
  to   space 2560K, 0% used [0x00000000d5d80000,0x00000000d5d80000,0x00000000d6000000)
 ParOldGen       total 121344K, used 121023K [0x0000000080000000, 0x0000000087680000, 0x00000000d5580000)
  object space 121344K, 99% used [0x0000000080000000,0x000000008762ffc8,0x0000000087680000)
 Metaspace       used 66716K, committed 68224K, reserved 1114112K
  class space    used 6923K, committed 7552K, reserved 1048576K
}
Event: 35.860 GC heap after
{Heap after GC invocations=196 (full 3):
 PSYoungGen      total 8192K, used 1997K [0x00000000d5580000, 0x00000000d6080000, 0x0000000100000000)
  eden space 6144K, 0% used [0x00000000d5580000,0x00000000d5580000,0x00000000d5b80000)
  from space 2048K, 97% used [0x00000000d5d80000,0x00000000d5f73568,0x00000000d5f80000)
  to   space 1024K, 0% used [0x00000000d5f80000,0x00000000d5f80000,0x00000000d6080000)
 ParOldGen       total 123392K, used 122880K [0x0000000080000000, 0x0000000087880000, 0x00000000d5580000)
  object space 123392K, 99% used [0x0000000080000000,0x0000000087800150,0x0000000087880000)
 Metaspace       used 66716K, committed 68224K, reserved 1114112K
  class space    used 6923K, committed 7552K, reserved 1048576K
}
Event: 35.946 GC heap before
{Heap before GC invocations=197 (full 3):
 PSYoungGen      total 8192K, used 8141K [0x00000000d5580000, 0x00000000d6080000, 0x0000000100000000)
  eden space 6144K, 100% used [0x00000000d5580000,0x00000000d5b80000,0x00000000d5b80000)
  from space 2048K, 97% used [0x00000000d5d80000,0x00000000d5f73568,0x00000000d5f80000)
  to   space 1024K, 0% used [0x00000000d5f80000,0x00000000d5f80000,0x00000000d6080000)
 ParOldGen       total 123392K, used 122880K [0x0000000080000000, 0x0000000087880000, 0x00000000d5580000)
  object space 123392K, 99% used [0x0000000080000000,0x0000000087800150,0x0000000087880000)
 Metaspace       used 66739K, committed 68224K, reserved 1114112K
  class space    used 6925K, committed 7552K, reserved 1048576K
}
Event: 35.949 GC heap after
{Heap after GC invocations=197 (full 3):
 PSYoungGen      total 7168K, used 992K [0x00000000d5580000, 0x00000000d6280000, 0x0000000100000000)
  eden space 6144K, 0% used [0x00000000d5580000,0x00000000d5580000,0x00000000d5b80000)
  from space 1024K, 96% used [0x00000000d5f80000,0x00000000d6078010,0x00000000d6080000)
  to   space 3584K, 0% used [0x00000000d5b80000,0x00000000d5b80000,0x00000000d5f00000)
 ParOldGen       total 125440K, used 125149K [0x0000000080000000, 0x0000000087a80000, 0x00000000d5580000)
  object space 125440K, 99% used [0x0000000080000000,0x0000000087a375e0,0x0000000087a80000)
 Metaspace       used 66739K, committed 68224K, reserved 1114112K
  class space    used 6925K, committed 7552K, reserved 1048576K
}
Event: 36.042 GC heap before
{Heap before GC invocations=198 (full 3):
 PSYoungGen      total 7168K, used 7136K [0x00000000d5580000, 0x00000000d6280000, 0x0000000100000000)
  eden space 6144K, 100% used [0x00000000d5580000,0x00000000d5b80000,0x00000000d5b80000)
  from space 1024K, 96% used [0x00000000d5f80000,0x00000000d6078010,0x00000000d6080000)
  to   space 3584K, 0% used [0x00000000d5b80000,0x00000000d5b80000,0x00000000d5f00000)
 ParOldGen       total 125440K, used 125149K [0x0000000080000000, 0x0000000087a80000, 0x00000000d5580000)
  object space 125440K, 99% used [0x0000000080000000,0x0000000087a375e0,0x0000000087a80000)
 Metaspace       used 66751K, committed 68288K, reserved 1114112K
  class space    used 6926K, committed 7552K, reserved 1048576K
}
Event: 36.045 GC heap after
{Heap after GC invocations=198 (full 3):
 PSYoungGen      total 7168K, used 800K [0x00000000d5580000, 0x00000000d6000000, 0x0000000100000000)
  eden space 6144K, 0% used [0x00000000d5580000,0x00000000d5580000,0x00000000d5b80000)
  from space 1024K, 78% used [0x00000000d5b80000,0x00000000d5c48020,0x00000000d5c80000)
  to   space 2048K, 0% used [0x00000000d5e00000,0x00000000d5e00000,0x00000000d6000000)
 ParOldGen       total 126464K, used 126169K [0x0000000080000000, 0x0000000087b80000, 0x00000000d5580000)
  object space 126464K, 99% used [0x0000000080000000,0x0000000087b36620,0x0000000087b80000)
 Metaspace       used 66751K, committed 68288K, reserved 1114112K
  class space    used 6926K, committed 7552K, reserved 1048576K
}
Event: 36.078 GC heap before
{Heap before GC invocations=199 (full 3):
 PSYoungGen      total 7168K, used 6944K [0x00000000d5580000, 0x00000000d6000000, 0x0000000100000000)
  eden space 6144K, 100% used [0x00000000d5580000,0x00000000d5b80000,0x00000000d5b80000)
  from space 1024K, 78% used [0x00000000d5b80000,0x00000000d5c48020,0x00000000d5c80000)
  to   space 2048K, 0% used [0x00000000d5e00000,0x00000000d5e00000,0x00000000d6000000)
 ParOldGen       total 126464K, used 126169K [0x0000000080000000, 0x0000000087b80000, 0x00000000d5580000)
  object space 126464K, 99% used [0x0000000080000000,0x0000000087b36620,0x0000000087b80000)
 Metaspace       used 66754K, committed 68288K, reserved 1114112K
  class space    used 6926K, committed 7552K, reserved 1048576K
}
Event: 36.079 GC heap after
{Heap after GC invocations=199 (full 3):
 PSYoungGen      total 7168K, used 720K [0x00000000d5580000, 0x00000000d5f00000, 0x0000000100000000)
  eden space 6144K, 0% used [0x00000000d5580000,0x00000000d5580000,0x00000000d5b80000)
  from space 1024K, 70% used [0x00000000d5e00000,0x00000000d5eb4010,0x00000000d5f00000)
  to   space 1024K, 0% used [0x00000000d5b80000,0x00000000d5b80000,0x00000000d5c80000)
 ParOldGen       total 126976K, used 126840K [0x0000000080000000, 0x0000000087c00000, 0x00000000d5580000)
  object space 126976K, 99% used [0x0000000080000000,0x0000000087bde258,0x0000000087c00000)
 Metaspace       used 66754K, committed 68288K, reserved 1114112K
  class space    used 6926K, committed 7552K, reserved 1048576K
}
Event: 36.134 GC heap before
{Heap before GC invocations=200 (full 3):
 PSYoungGen      total 7168K, used 6864K [0x00000000d5580000, 0x00000000d5f00000, 0x0000000100000000)
  eden space 6144K, 100% used [0x00000000d5580000,0x00000000d5b80000,0x00000000d5b80000)
  from space 1024K, 70% used [0x00000000d5e00000,0x00000000d5eb4010,0x00000000d5f00000)
  to   space 1024K, 0% used [0x00000000d5b80000,0x00000000d5b80000,0x00000000d5c80000)
 ParOldGen       total 126976K, used 126840K [0x0000000080000000, 0x0000000087c00000, 0x00000000d5580000)
  object space 126976K, 99% used [0x0000000080000000,0x0000000087bde258,0x0000000087c00000)
 Metaspace       used 66768K, committed 68288K, reserved 1114112K
  class space    used 6926K, committed 7552K, reserved 1048576K
}
Event: 36.136 GC heap after
{Heap after GC invocations=200 (full 3):
 PSYoungGen      total 7168K, used 736K [0x00000000d5580000, 0x00000000d5e80000, 0x0000000100000000)
  eden space 6144K, 0% used [0x00000000d5580000,0x00000000d5580000,0x00000000d5b80000)
  from space 1024K, 71% used [0x00000000d5b80000,0x00000000d5c38020,0x00000000d5c80000)
  to   space 1024K, 0% used [0x00000000d5d80000,0x00000000d5d80000,0x00000000d5e80000)
 ParOldGen       total 127488K, used 127408K [0x0000000080000000, 0x0000000087c80000, 0x00000000d5580000)
  object space 127488K, 99% used [0x0000000080000000,0x0000000087c6c2b8,0x0000000087c80000)
 Metaspace       used 66768K, committed 68288K, reserved 1114112K
  class space    used 6926K, committed 7552K, reserved 1048576K
}
Event: 36.326 GC heap before
{Heap before GC invocations=201 (full 3):
 PSYoungGen      total 7168K, used 6880K [0x00000000d5580000, 0x00000000d5e80000, 0x0000000100000000)
  eden space 6144K, 100% used [0x00000000d5580000,0x00000000d5b80000,0x00000000d5b80000)
  from space 1024K, 71% used [0x00000000d5b80000,0x00000000d5c38020,0x00000000d5c80000)
  to   space 1024K, 0% used [0x00000000d5d80000,0x00000000d5d80000,0x00000000d5e80000)
 ParOldGen       total 127488K, used 127408K [0x0000000080000000, 0x0000000087c80000, 0x00000000d5580000)
  object space 127488K, 99% used [0x0000000080000000,0x0000000087c6c2b8,0x0000000087c80000)
 Metaspace       used 66947K, committed 68480K, reserved 1114112K
  class space    used 6941K, committed 7616K, reserved 1048576K
}
Event: 36.328 GC heap after
{Heap after GC invocations=201 (full 3):
 PSYoungGen      total 7168K, used 1024K [0x00000000d5580000, 0x00000000d5e80000, 0x0000000100000000)
  eden space 6144K, 0% used [0x00000000d5580000,0x00000000d5580000,0x00000000d5b80000)
  from space 1024K, 100% used [0x00000000d5d80000,0x00000000d5e80000,0x00000000d5e80000)
  to   space 1536K, 0% used [0x00000000d5b80000,0x00000000d5b80000,0x00000000d5d00000)
 ParOldGen       total 128000K, used 127978K [0x0000000080000000, 0x0000000087d00000, 0x00000000d5580000)
  object space 128000K, 99% used [0x0000000080000000,0x0000000087cfaa50,0x0000000087d00000)
 Metaspace       used 66947K, committed 68480K, reserved 1114112K
  class space    used 6941K, committed 7616K, reserved 1048576K
}
Event: 36.546 GC heap before
{Heap before GC invocations=202 (full 3):
 PSYoungGen      total 7168K, used 7168K [0x00000000d5580000, 0x00000000d5e80000, 0x0000000100000000)
  eden space 6144K, 100% used [0x00000000d5580000,0x00000000d5b80000,0x00000000d5b80000)
  from space 1024K, 100% used [0x00000000d5d80000,0x00000000d5e80000,0x00000000d5e80000)
  to   space 1536K, 0% used [0x00000000d5b80000,0x00000000d5b80000,0x00000000d5d00000)
 ParOldGen       total 128000K, used 127978K [0x0000000080000000, 0x0000000087d00000, 0x00000000d5580000)
  object space 128000K, 99% used [0x0000000080000000,0x0000000087cfaa50,0x0000000087d00000)
 Metaspace       used 67027K, committed 68544K, reserved 1114112K
  class space    used 6941K, committed 7616K, reserved 1048576K
}
Event: 36.549 GC heap after
{Heap after GC invocations=202 (full 3):
 PSYoungGen      total 7680K, used 672K [0x00000000d5580000, 0x00000000d5e00000, 0x0000000100000000)
  eden space 6144K, 0% used [0x00000000d5580000,0x00000000d5580000,0x00000000d5b80000)
  from space 1536K, 43% used [0x00000000d5b80000,0x00000000d5c28000,0x00000000d5d00000)
  to   space 1024K, 0% used [0x00000000d5d00000,0x00000000d5d00000,0x00000000d5e00000)
 ParOldGen       total 129024K, used 128877K [0x0000000080000000, 0x0000000087e00000, 0x00000000d5580000)
  object space 129024K, 99% used [0x0000000080000000,0x0000000087ddb400,0x0000000087e00000)
 Metaspace       used 67027K, committed 68544K, reserved 1114112K
  class space    used 6941K, committed 7616K, reserved 1048576K
}

